<?xml version="1.0" encoding="UTF-8"?>
<coverage generated="1649414812736" clover="3.2.0">
  <project timestamp="1649414812736" name="All files">
    <metrics statements="11" coveredstatements="8" conditionals="4" coveredconditionals="4" methods="7" coveredmethods="4" elements="22" coveredelements="16" complexity="0" loc="11" ncloc="11" packages="1" files="3" classes="3"/>
    <file name="calculator.js" path="E:\MAEN\CODE\Microverse\jest-practice\calculator.js">
      <metrics statements="7" coveredstatements="4" conditionals="0" coveredconditionals="0" methods="5" coveredmethods="2"/>
      <line num="3" count="1" type="stmt"/>
      <line num="4" count="1" type="stmt"/>
      <line num="7" count="1" type="stmt"/>
      <line num="10" count="0" type="stmt"/>
      <line num="13" count="0" type="stmt"/>
      <line num="16" count="0" type="stmt"/>
      <line num="20" count="1" type="stmt"/>
    </file>
    <file name="reverseString.js" path="E:\MAEN\CODE\Microverse\jest-practice\reverseString.js">
      <metrics statements="2" coveredstatements="2" conditionals="0" coveredconditionals="0" methods="1" coveredmethods="1"/>
      <line num="2" count="2" type="stmt"/>
      <line num="5" count="1" type="stmt"/>
    </file>
    <file name="stringLength.js" path="E:\MAEN\CODE\Microverse\jest-practice\stringLength.js">
      <metrics statements="2" coveredstatements="2" conditionals="4" coveredconditionals="4" methods="1" coveredmethods="1"/>
      <line num="2" count="3" type="cond" truecount="4" falsecount="0"/>
      <line num="5" count="1" type="stmt"/>
    </file>
  </project>
</coverage>
