{"E:\\MAEN\\CODE\\Microverse\\jest-practice\\calculator.js": {"path":"E:\\MAEN\\CODE\\Microverse\\jest-practice\\calculator.js","statementMap":{"0":{"start":{"line":3,"column":8},"end":{"line":3,"column":19}},"1":{"start":{"line":4,"column":8},"end":{"line":4,"column":19}},"2":{"start":{"line":7,"column":8},"end":{"line":7,"column":21}},"3":{"start":{"line":10,"column":8},"end":{"line":10,"column":21}},"4":{"start":{"line":13,"column":8},"end":{"line":13,"column":14}},"5":{"start":{"line":16,"column":8},"end":{"line":16,"column":14}},"6":{"start":{"line":20,"column":0},"end":{"line":20,"column":28}}},"fnMap":{"0":{"name":"(anonymous_0)","decl":{"start":{"line":2,"column":4},"end":{"line":2,"column":5}},"loc":{"start":{"line":2,"column":22},"end":{"line":5,"column":5}},"line":2},"1":{"name":"(anonymous_1)","decl":{"start":{"line":6,"column":4},"end":{"line":6,"column":5}},"loc":{"start":{"line":6,"column":14},"end":{"line":8,"column":5}},"line":6},"2":{"name":"(anonymous_2)","decl":{"start":{"line":9,"column":4},"end":{"line":9,"column":5}},"loc":{"start":{"line":9,"column":19},"end":{"line":11,"column":5}},"line":9},"3":{"name":"(anonymous_3)","decl":{"start":{"line":12,"column":4},"end":{"line":12,"column":5}},"loc":{"start":{"line":12,"column":17},"end":{"line":14,"column":5}},"line":12},"4":{"name":"(anonymous_4)","decl":{"start":{"line":15,"column":4},"end":{"line":15,"column":5}},"loc":{"start":{"line":15,"column":19},"end":{"line":17,"column":5}},"line":15}},"branchMap":{},"s":{"0":1,"1":1,"2":1,"3":0,"4":0,"5":0,"6":1},"f":{"0":1,"1":1,"2":0,"3":0,"4":0},"b":{},"_coverageSchema":"1a1c01bbd47fc00a2c39e90264f33305004495a9","hash":"97486373fa18734b27770b1299ac4f6e87628eed"}
,"E:\\MAEN\\CODE\\Microverse\\jest-practice\\reverseString.js": {"path":"E:\\MAEN\\CODE\\Microverse\\jest-practice\\reverseString.js","statementMap":{"0":{"start":{"line":2,"column":4},"end":{"line":2,"column":44}},"1":{"start":{"line":5,"column":0},"end":{"line":5,"column":31}}},"fnMap":{"0":{"name":"reverseString","decl":{"start":{"line":1,"column":9},"end":{"line":1,"column":22}},"loc":{"start":{"line":1,"column":28},"end":{"line":3,"column":1}},"line":1}},"branchMap":{},"s":{"0":2,"1":1},"f":{"0":2},"b":{},"_coverageSchema":"1a1c01bbd47fc00a2c39e90264f33305004495a9","hash":"12bd49b21b3031fdd073073cfa9020d1893550b1"}
,"E:\\MAEN\\CODE\\Microverse\\jest-practice\\stringLength.js": {"path":"E:\\MAEN\\CODE\\Microverse\\jest-practice\\stringLength.js","statementMap":{"0":{"start":{"line":2,"column":4},"end":{"line":2,"column":103}},"1":{"start":{"line":5,"column":0},"end":{"line":5,"column":30}}},"fnMap":{"0":{"name":"stringLength","decl":{"start":{"line":1,"column":9},"end":{"line":1,"column":21}},"loc":{"start":{"line":1,"column":27},"end":{"line":3,"column":1}},"line":1}},"branchMap":{"0":{"loc":{"start":{"line":2,"column":11},"end":{"line":2,"column":102}},"type":"cond-expr","locations":[{"start":{"line":2,"column":47},"end":{"line":2,"column":57}},{"start":{"line":2,"column":60},"end":{"line":2,"column":102}}],"line":2},"1":{"loc":{"start":{"line":2,"column":11},"end":{"line":2,"column":44}},"type":"binary-expr","locations":[{"start":{"line":2,"column":11},"end":{"line":2,"column":25}},{"start":{"line":2,"column":29},"end":{"line":2,"column":44}}],"line":2}},"s":{"0":3,"1":1},"f":{"0":3},"b":{"0":[1,2],"1":[3,3]},"_coverageSchema":"1a1c01bbd47fc00a2c39e90264f33305004495a9","hash":"1b7cad05aad8ed362cea4cdba7d9ad6430d856c7"}
}
